2025-07-20 15:24:51   In order to get an optimal performance, hyperthreading is ignored for parallel
                      computations.

                      ------------------------------------------------------------------------------
2025-07-20 15:24:57   *** Warning ***

                      This software is licensed for non-commercial use only.

                      ------------------------------------------------------------------------------
2025-07-20 15:24:58   Units settings: 

                        Dimensions: mm
                        Frequency:  GHz
                        Time:       ns

                      ------------------------------------------------------------------------------
2025-07-20 15:24:58   Boundary conditions: 

                        YZsymmetry: none
                        XZsymmetry: none
                        XYsymmetry: none

                        Xmin: expanded open
                        Xmax: expanded open

                        Ymin: expanded open
                        Ymax: expanded open

                        Zmin: expanded open
                        Zmax: expanded open

                      ------------------------------------------------------------------------------
2025-07-20 15:24:58   Order settings: 

                        Solver order   : 2nd (constant)
                        Curved elements: up to order 3 (automatic)

                      ------------------------------------------------------------------------------
2025-07-20 15:24:58   An iterative solver will be used first.

                      ------------------------------------------------------------------------------
2025-07-20 15:24:58     Mesh time                :	6 s


                      ------------------------------------------------------------------------------
2025-07-20 15:24:58   
                      ================================================================================
                      Frequency Domain Solver calculation cycle started

                      ------------------------------------------------------------------------------
2025-07-20 15:24:58   Solver started at: 2025-07-20 15:24:58 +0200

                        Module:  Frequency Domain: S-Parameter (Win 64)
                        Version: 2024.0 Release from 2023-09-01 (change 1164796)

                      ------------------------------------------------------------------------------
2025-07-20 15:24:58     Calculation 1 of 2 (Frequency: 11.5 GHz)


                      ------------------------------------------------------------------------------
2025-07-20 15:24:58   Automatically activated electric shielding for port 1.

                      ------------------------------------------------------------------------------
2025-07-20 15:25:00   For some elements the curvature had to be reduced to maintain the quality of the mesh. More...

                      ------------------------------------------------------------------------------
2025-07-20 15:25:02   For some elements the curvature had to be reduced to maintain the quality of the mesh. More...

                      ------------------------------------------------------------------------------
2025-07-20 15:25:04   For some elements the curvature had to be reduced to maintain the quality of the mesh. More...

                      ------------------------------------------------------------------------------
2025-07-20 15:25:05   For some elements the curvature had to be reduced to maintain the quality of the mesh. More...

                      ------------------------------------------------------------------------------
2025-07-20 15:25:07   For some elements the curvature had to be reduced to maintain the quality of the mesh. More...

                      ------------------------------------------------------------------------------
2025-07-20 15:25:09   For some elements the curvature had to be reduced to maintain the quality of the mesh. More...

                      ------------------------------------------------------------------------------
2025-07-20 15:25:10   For some elements the curvature had to be reduced to maintain the quality of the mesh. More...

                      ------------------------------------------------------------------------------
2025-07-20 15:25:12   For some elements the curvature had to be reduced to maintain the quality of the mesh. More...

                      ------------------------------------------------------------------------------
2025-07-20 15:25:14   For some elements the curvature had to be reduced to maintain the quality of the mesh. More...

                      ------------------------------------------------------------------------------
2025-07-20 15:25:14     ----------------------------------------------------------------------------
                        Port   Mode   Type        Z-Wave        Z-Wave-Sigma  Z-Line        F-Cutoff
                        1      1      QTEM        223           12.9          36.3          ---
                        ----------------------------------------------------------------------------


                      ------------------------------------------------------------------------------
2025-07-20 15:25:14   The wavelength based mesh refinement has been applied to 0.5% of all mesh edges.

                      ------------------------------------------------------------------------------
2025-07-20 15:25:16   For some elements the curvature had to be reduced to maintain the quality of the mesh. More...

                      ------------------------------------------------------------------------------
2025-07-20 15:25:16   Adaptive mesh refinement pass 1

                      ------------------------------------------------------------------------------
2025-07-20 15:25:24     Matrix setup time        :	1 s
                        Degrees of freedom       :	281655
                        Number of mesh cells     :	38866

                        Stimulation port         :	1
                        Mode number              :	1
                        Accuracy                 :	8.52948e-05
                        Iterations               :	85
                        Solver time              :	5 s


                      ------------------------------------------------------------------------------
2025-07-20 15:25:24   The input reflection seems to be large at 11.5 GHz. The adaptive mesh refinement at this sample will be stopped. A new 
                      mesh adaptation frequency has been added for the monitor at 9.7 GHz.  More...

                      ------------------------------------------------------------------------------
2025-07-20 15:25:24     Total time               :	26 s

                      ------------------------------------------------------------------------------
2025-07-20 15:25:24   

                      ------------------------------------------------------------------------------
2025-07-20 15:25:24     Calculation 2 of 3 (Frequency: 8 GHz)


                      ------------------------------------------------------------------------------
2025-07-20 15:25:25     ----------------------------------------------------------------------------
                        Port   Mode   Type        Z-Wave        Z-Wave-Sigma  Z-Line        F-Cutoff
                        1      1      QTEM        223           12.8          36.4          ---
                        ----------------------------------------------------------------------------


                      ------------------------------------------------------------------------------
2025-07-20 15:25:25   Adaptive mesh refinement pass 1

                      ------------------------------------------------------------------------------
2025-07-20 15:25:32     Matrix setup time        :	1 s
                        Degrees of freedom       :	281655
                        Number of mesh cells     :	38866

                        Stimulation port         :	1
                        Mode number              :	1
                        Accuracy                 :	9.59534e-05
                        Iterations               :	76
                        Solver time              :	5 s


                      ------------------------------------------------------------------------------
2025-07-20 15:25:32   The input reflection seems to be large at 8 GHz. The adaptive mesh refinement at this sample will be stopped. A new mesh
                      adaptation frequency has been added at 9.75 GHz.  More...

                      ------------------------------------------------------------------------------
2025-07-20 15:25:32     Total time               :	7 s

                      ------------------------------------------------------------------------------
2025-07-20 15:25:32   

                      ------------------------------------------------------------------------------
2025-07-20 15:25:32     Calculation 3 of 4 (Frequency: 9.7 GHz)


                      ------------------------------------------------------------------------------
2025-07-20 15:25:32     ----------------------------------------------------------------------------
                        Port   Mode   Type        Z-Wave        Z-Wave-Sigma  Z-Line        F-Cutoff
                        1      1      QTEM        223           12.8          36.3          ---
                        ----------------------------------------------------------------------------


                      ------------------------------------------------------------------------------
2025-07-20 15:25:32   Adaptive mesh refinement pass 1

                      ------------------------------------------------------------------------------
2025-07-20 15:25:41     Matrix setup time        :	1 s
                        Degrees of freedom       :	281655
                        Number of mesh cells     :	38866

                        Stimulation port         :	1
                        Mode number              :	1
                        Accuracy                 :	8.97181e-05
                        Iterations               :	109
                        Solver time              :	7 s


                      ------------------------------------------------------------------------------
2025-07-20 15:25:41   4% of all mesh edges seem to be longer than expected. The adaptive mesh refinement's growth limitation will therefore 
                      use 49265 instead of 37798 mesh cells as a reference.

                      ------------------------------------------------------------------------------
2025-07-20 15:25:44   For some elements the curvature had to be reduced to maintain the quality of the mesh. More...

                      ------------------------------------------------------------------------------
2025-07-20 15:25:45   Adaptive mesh refinement pass 2

                      ------------------------------------------------------------------------------
2025-07-20 15:25:55     Matrix setup time        :	1 s
                        Degrees of freedom       :	307385
                        Number of mesh cells     :	42711

                        Stimulation port         :	1
                        Mode number              :	1
                        Accuracy                 :	5.84356e-05
                        Iterations               :	88
                        Solver time              :	7 s


                      ------------------------------------------------------------------------------
2025-07-20 15:25:55     Delta calculation        
2025-07-20 15:25:55     All S-Parameters         :	1.14672
2025-07-20 15:25:55   

                      ------------------------------------------------------------------------------
2025-07-20 15:25:59   For some elements the curvature had to be reduced to maintain the quality of the mesh. More...

                      ------------------------------------------------------------------------------
2025-07-20 15:25:59   Adaptive mesh refinement pass 3

                      ------------------------------------------------------------------------------
2025-07-20 15:26:08     Matrix setup time        :	1 s
                        Degrees of freedom       :	339593
                        Number of mesh cells     :	47530

                        Stimulation port         :	1
                        Mode number              :	1
                        Accuracy                 :	9.96341e-05
                        Iterations               :	72
                        Solver time              :	6 s


                      ------------------------------------------------------------------------------
2025-07-20 15:26:08     Delta calculation        
2025-07-20 15:26:08     All S-Parameters         :	0.40343
2025-07-20 15:26:08   

                      ------------------------------------------------------------------------------
2025-07-20 15:26:12   For some elements the curvature had to be reduced to maintain the quality of the mesh. More...

                      ------------------------------------------------------------------------------
2025-07-20 15:26:13   Adaptive mesh refinement pass 4

                      ------------------------------------------------------------------------------
2025-07-20 15:26:24     Matrix setup time        :	1 s
                        Solver setup             :	1 s
                        Degrees of freedom       :	391011
                        Number of mesh cells     :	55098

                        Stimulation port         :	1
                        Mode number              :	1
                        Accuracy                 :	9.43813e-05
                        Iterations               :	91
                        Solver time              :	8 s


                      ------------------------------------------------------------------------------
2025-07-20 15:26:25     Delta calculation        
2025-07-20 15:26:25     All S-Parameters         :	0.134976
2025-07-20 15:26:25   

                      ------------------------------------------------------------------------------
2025-07-20 15:26:29   For some elements the curvature had to be reduced to maintain the quality of the mesh. More...

                      ------------------------------------------------------------------------------
2025-07-20 15:26:30   Adaptive mesh refinement pass 5

                      ------------------------------------------------------------------------------
2025-07-20 15:26:46     Matrix setup time        :	2 s
                        Solver setup             :	1 s
                        Degrees of freedom       :	479125
                        Number of mesh cells     :	68256

                        Stimulation port         :	1
                        Mode number              :	1
                        Accuracy                 :	5.11395e-05
                        Iterations               :	100
                        Solver time              :	12 s


                      ------------------------------------------------------------------------------
2025-07-20 15:26:46     Delta calculation        
2025-07-20 15:26:46     All S-Parameters         :	0.0628984
2025-07-20 15:26:46   

                      ------------------------------------------------------------------------------
2025-07-20 15:26:52   For some elements the curvature had to be reduced to maintain the quality of the mesh. More...

                      ------------------------------------------------------------------------------
2025-07-20 15:26:53   Adaptive mesh refinement pass 6

                      ------------------------------------------------------------------------------
2025-07-20 15:27:09     Matrix setup time        :	3 s
                        Solver setup             :	1 s
                        Degrees of freedom       :	623693
                        Number of mesh cells     :	89884

                        Stimulation port         :	1
                        Mode number              :	1
                        Accuracy                 :	9.97438e-05
                        Iterations               :	67
                        Solver time              :	11 s


                      ------------------------------------------------------------------------------
2025-07-20 15:27:10     Delta calculation        
2025-07-20 15:27:10     All S-Parameters         :	0.0486442
2025-07-20 15:27:10   

                      ------------------------------------------------------------------------------
2025-07-20 15:27:17   For some elements the curvature had to be reduced to maintain the quality of the mesh. More...

                      ------------------------------------------------------------------------------
2025-07-20 15:27:18   Adaptive mesh refinement pass 7

                      ------------------------------------------------------------------------------
2025-07-20 15:27:39     Matrix setup time        :	4 s
                        Solver setup             :	2 s
                        Degrees of freedom       :	840179
                        Number of mesh cells     :	122191

                        Stimulation port         :	1
                        Mode number              :	1
                        Accuracy                 :	7.8427e-05
                        Iterations               :	58
                        Solver time              :	13 s


                      ------------------------------------------------------------------------------
2025-07-20 15:27:39     Delta calculation        
2025-07-20 15:27:39     All S-Parameters         :	0.032326
2025-07-20 15:27:39   

                      ------------------------------------------------------------------------------
2025-07-20 15:27:50   For some elements the curvature had to be reduced to maintain the quality of the mesh. More...

                      ------------------------------------------------------------------------------
2025-07-20 15:27:52   Adaptive mesh refinement pass 8

                      ------------------------------------------------------------------------------
2025-07-20 15:28:19     Matrix setup time        :	6 s
                        Solver setup             :	3 s
                        Degrees of freedom       :	1091647
                        Number of mesh cells     :	159933

                        Stimulation port         :	1
                        Mode number              :	1
                        Accuracy                 :	8.49816e-05
                        Iterations               :	51
                        Solver time              :	16 s


                      ------------------------------------------------------------------------------
2025-07-20 15:28:19     Delta calculation        
2025-07-20 15:28:19     All S-Parameters         :	0.0164947
2025-07-20 15:28:19   

                      ------------------------------------------------------------------------------
2025-07-20 15:28:19   Mesh adaptation terminated because the desired accuracy limit is reached.

                      ------------------------------------------------------------------------------
2025-07-20 15:28:20     Total time               :	167 s	 (= 0 h, 02 m, 47 s)

                      ------------------------------------------------------------------------------
2025-07-20 15:28:20   

                      ------------------------------------------------------------------------------
2025-07-20 15:28:20     Calculation 4 of 4 (Frequency: 9.75 GHz)


                      ------------------------------------------------------------------------------
2025-07-20 15:28:20     ----------------------------------------------------------------------------
                        Port   Mode   Type        Z-Wave        Z-Wave-Sigma  Z-Line        F-Cutoff
                        1      1      QTEM        223           12.8          36.3          ---
                        ----------------------------------------------------------------------------


                      ------------------------------------------------------------------------------
2025-07-20 15:28:20   Adaptive mesh refinement pass 1

                      ------------------------------------------------------------------------------
2025-07-20 15:28:40     Matrix setup time        :	5 s
                        Solver setup             :	2 s
                        Degrees of freedom       :	1091647
                        Number of mesh cells     :	159933

                        Stimulation port         :	1
                        Mode number              :	1
                        Accuracy                 :	9.27085e-05
                        Iterations               :	37
                        Solver time              :	12 s


                      ------------------------------------------------------------------------------
2025-07-20 15:28:52   For some elements the curvature had to be reduced to maintain the quality of the mesh. More...

                      ------------------------------------------------------------------------------
2025-07-20 15:28:55   Adaptive mesh refinement pass 2

                      ------------------------------------------------------------------------------
2025-07-20 15:29:28     Matrix setup time        :	9 s
                        Solver setup             :	4 s
                        Degrees of freedom       :	1354997
                        Number of mesh cells     :	199432

                        Stimulation port         :	1
                        Mode number              :	1
                        Accuracy                 :	8.60991e-05
                        Iterations               :	45
                        Solver time              :	18 s


                      ------------------------------------------------------------------------------
2025-07-20 15:29:28     Delta calculation        
2025-07-20 15:29:28     All S-Parameters         :	0.00919365
2025-07-20 15:29:28   

                      ------------------------------------------------------------------------------
2025-07-20 15:29:42   For some elements the curvature had to be reduced to maintain the quality of the mesh. More...

                      ------------------------------------------------------------------------------
2025-07-20 15:29:45   Adaptive mesh refinement pass 3

                      ------------------------------------------------------------------------------
2025-07-20 15:30:27     Matrix setup time        :	12 s
                        Solver setup             :	6 s
                        Degrees of freedom       :	1653267
                        Number of mesh cells     :	244295

                        Stimulation port         :	1
                        Mode number              :	1
                        Accuracy                 :	9.37526e-05
                        Iterations               :	41
                        Solver time              :	22 s


                      ------------------------------------------------------------------------------
2025-07-20 15:30:28     Delta calculation        
2025-07-20 15:30:28     All S-Parameters         :	0.00612569
2025-07-20 15:30:28   

                      ------------------------------------------------------------------------------
2025-07-20 15:30:28   Mesh adaptation terminated because the desired accuracy limit is reached.

                      ------------------------------------------------------------------------------
2025-07-20 15:30:28     Total time               :	128 s	 (= 0 h, 02 m, 08 s)

                      ------------------------------------------------------------------------------
2025-07-20 15:30:28   

                      ------------------------------------------------------------------------------
2025-07-20 15:30:28     Calculation 1 (Frequency: 11.5 GHz)


                      ------------------------------------------------------------------------------
2025-07-20 15:30:29     ----------------------------------------------------------------------------
                        Port   Mode   Type        Z-Wave        Z-Wave-Sigma  Z-Line        F-Cutoff
                        1      1      QTEM        223           12.9          36.3          ---
                        ----------------------------------------------------------------------------


                      ------------------------------------------------------------------------------
2025-07-20 15:31:08     Matrix setup time        :	9 s
                        Solver setup             :	3 s
                        Degrees of freedom       :	1653267
                        Number of mesh cells     :	244295

                        Stimulation port         :	1
                        Mode number              :	1
                        Accuracy                 :	4.43396e-05
                        Iterations               :	49
                        Solver time              :	25 s


                      ------------------------------------------------------------------------------
2025-07-20 15:31:08   The direct solver will be used.

                      ------------------------------------------------------------------------------
2025-07-20 15:31:08     Total time               :	39 s

                      ------------------------------------------------------------------------------
2025-07-20 15:31:08   

                      ------------------------------------------------------------------------------
2025-07-20 15:31:08     Calculation 2 (Frequency: 8 GHz)


                      ------------------------------------------------------------------------------
2025-07-20 15:31:08     ----------------------------------------------------------------------------
                        Port   Mode   Type        Z-Wave        Z-Wave-Sigma  Z-Line        F-Cutoff
                        1      1      QTEM        223           12.8          36.4          ---
                        ----------------------------------------------------------------------------


                      ------------------------------------------------------------------------------
2025-07-20 15:31:08   The iterative solver will be used.

                      ------------------------------------------------------------------------------
2025-07-20 15:31:42     Matrix setup time        :	12 s
                        Solver setup             :	6 s
                        Degrees of freedom       :	1653267
                        Number of mesh cells     :	244295

                        Stimulation port         :	1
                        Mode number              :	1
                        Accuracy                 :	8.47557e-05
                        Iterations               :	25
                        Solver time              :	14 s


                      ------------------------------------------------------------------------------
2025-07-20 15:31:42     Total time               :	34 s

                      ------------------------------------------------------------------------------
2025-07-20 15:31:42   

                      ------------------------------------------------------------------------------
2025-07-20 15:31:42     Calculation 3 (Frequency: 9.7 GHz)


                      ------------------------------------------------------------------------------
2025-07-20 15:31:42     ----------------------------------------------------------------------------
                        Port   Mode   Type        Z-Wave        Z-Wave-Sigma  Z-Line        F-Cutoff
                        1      1      QTEM        223           12.8          36.3          ---
                        ----------------------------------------------------------------------------


                      ------------------------------------------------------------------------------
2025-07-20 15:32:14     Matrix setup time        :	9 s
                        Solver setup             :	3 s
                        Degrees of freedom       :	1653267
                        Number of mesh cells     :	244295

                        Stimulation port         :	1
                        Mode number              :	1
                        Accuracy                 :	8.36622e-05
                        Iterations               :	33
                        Solver time              :	18 s


                      ------------------------------------------------------------------------------
2025-07-20 15:32:15   Unable to use "EvaluateHFieldOnSIBC" due to model setup.

                      ------------------------------------------------------------------------------
2025-07-20 15:32:15     Total time               :	32 s

                      ------------------------------------------------------------------------------
2025-07-20 15:32:15   

                      ------------------------------------------------------------------------------
2025-07-20 15:32:15     Calculation 5 (Frequency: 9.9705 GHz)


                      ------------------------------------------------------------------------------
2025-07-20 15:32:15     ----------------------------------------------------------------------------
                        Port   Mode   Type        Z-Wave        Z-Wave-Sigma  Z-Line        F-Cutoff
                        1      1      QTEM        223           12.8          36.3          ---
                        ----------------------------------------------------------------------------


                      ------------------------------------------------------------------------------
2025-07-20 15:32:49     Matrix setup time        :	9 s
                        Solver setup             :	3 s
                        Degrees of freedom       :	1653267
                        Number of mesh cells     :	244295

                        Stimulation port         :	1
                        Mode number              :	1
                        Accuracy                 :	9.90719e-05
                        Iterations               :	38
                        Solver time              :	19 s


                      ------------------------------------------------------------------------------
2025-07-20 15:32:49     Total time               :	33 s

                      ------------------------------------------------------------------------------
2025-07-20 15:32:49   

                      ------------------------------------------------------------------------------
2025-07-20 15:32:49     Calculation 6 (Frequency: 9.0045 GHz)


                      ------------------------------------------------------------------------------
2025-07-20 15:32:50     ----------------------------------------------------------------------------
                        Port   Mode   Type        Z-Wave        Z-Wave-Sigma  Z-Line        F-Cutoff
                        1      1      QTEM        223           12.8          36.3          ---
                        ----------------------------------------------------------------------------


                      ------------------------------------------------------------------------------
2025-07-20 15:33:24     Matrix setup time        :	9 s
                        Solver setup             :	4 s
                        Degrees of freedom       :	1653267
                        Number of mesh cells     :	244295

                        Stimulation port         :	1
                        Mode number              :	1
                        Accuracy                 :	8.69771e-05
                        Iterations               :	38
                        Solver time              :	20 s


                      ------------------------------------------------------------------------------
2025-07-20 15:33:24     Total time               :	34 s

                      ------------------------------------------------------------------------------
2025-07-20 15:33:24   

                      ------------------------------------------------------------------------------
2025-07-20 15:33:24     Calculation 7 (Frequency: 9.82 GHz)


                      ------------------------------------------------------------------------------
2025-07-20 15:33:24     ----------------------------------------------------------------------------
                        Port   Mode   Type        Z-Wave        Z-Wave-Sigma  Z-Line        F-Cutoff
                        1      1      QTEM        223           12.8          36.3          ---
                        ----------------------------------------------------------------------------


                      ------------------------------------------------------------------------------
2025-07-20 15:33:49     Matrix setup time        :	9 s
                        Solver setup             :	4 s
                        Degrees of freedom       :	1653267
                        Number of mesh cells     :	244295

                        Stimulation port         :	1
                        Mode number              :	1
                        Accuracy                 :	9.85628e-05
                        Iterations               :	17
                        Solver time              :	9 s


                      ------------------------------------------------------------------------------
2025-07-20 15:33:49     Total time               :	24 s

                      ------------------------------------------------------------------------------
2025-07-20 15:33:49   

                      ------------------------------------------------------------------------------
2025-07-20 15:33:49     Calculation 8 (Frequency: 10.2505 GHz)


                      ------------------------------------------------------------------------------
2025-07-20 15:33:49     ----------------------------------------------------------------------------
                        Port   Mode   Type        Z-Wave        Z-Wave-Sigma  Z-Line        F-Cutoff
                        1      1      QTEM        223           12.8          36.3          ---
                        ----------------------------------------------------------------------------


                      ------------------------------------------------------------------------------
2025-07-20 15:34:19     Matrix setup time        :	9 s
                        Solver setup             :	4 s
                        Degrees of freedom       :	1653267
                        Number of mesh cells     :	244295

                        Stimulation port         :	1
                        Mode number              :	1
                        Accuracy                 :	9.01144e-05
                        Iterations               :	30
                        Solver time              :	15 s


                      ------------------------------------------------------------------------------
2025-07-20 15:34:19     Total time               :	30 s

                      ------------------------------------------------------------------------------
2025-07-20 15:34:19   

                      ------------------------------------------------------------------------------
2025-07-20 15:34:19     Calculation 9 (Frequency: 8.4865 GHz)


                      ------------------------------------------------------------------------------
2025-07-20 15:34:20     ----------------------------------------------------------------------------
                        Port   Mode   Type        Z-Wave        Z-Wave-Sigma  Z-Line        F-Cutoff
                        1      1      QTEM        223           12.8          36.3          ---
                        ----------------------------------------------------------------------------


                      ------------------------------------------------------------------------------
2025-07-20 15:34:53     Matrix setup time        :	9 s
                        Solver setup             :	5 s
                        Degrees of freedom       :	1653267
                        Number of mesh cells     :	244295

                        Stimulation port         :	1
                        Mode number              :	1
                        Accuracy                 :	9.65569e-05
                        Iterations               :	35
                        Solver time              :	18 s


                      ------------------------------------------------------------------------------
2025-07-20 15:34:53     Total time               :	33 s

                      ------------------------------------------------------------------------------
2025-07-20 15:34:53   

                      ------------------------------------------------------------------------------
2025-07-20 15:34:53     Calculation 10 (Frequency: 10.912 GHz)


                      ------------------------------------------------------------------------------
2025-07-20 15:34:53     ----------------------------------------------------------------------------
                        Port   Mode   Type        Z-Wave        Z-Wave-Sigma  Z-Line        F-Cutoff
                        1      1      QTEM        223           12.8          36.3          ---
                        ----------------------------------------------------------------------------


                      ------------------------------------------------------------------------------
2025-07-20 15:35:36     Matrix setup time        :	11 s
                        Solver setup             :	5 s
                        Degrees of freedom       :	1653267
                        Number of mesh cells     :	244295

                        Stimulation port         :	1
                        Mode number              :	1
                        Accuracy                 :	7.31281e-05
                        Iterations               :	50
                        Solver time              :	25 s


                      ------------------------------------------------------------------------------
2025-07-20 15:35:36     Total time               :	42 s

                      ------------------------------------------------------------------------------
2025-07-20 15:35:36   

                      ------------------------------------------------------------------------------
2025-07-20 15:35:36     Calculation 11 (Frequency: 10.1455 GHz)


                      ------------------------------------------------------------------------------
2025-07-20 15:35:36     ----------------------------------------------------------------------------
                        Port   Mode   Type        Z-Wave        Z-Wave-Sigma  Z-Line        F-Cutoff
                        1      1      QTEM        223           12.8          36.3          ---
                        ----------------------------------------------------------------------------


                      ------------------------------------------------------------------------------
2025-07-20 15:35:55     Matrix setup time        :	9 s
                        Solver setup             :	5 s
                        Degrees of freedom       :	1653267
                        Number of mesh cells     :	244295

                        Stimulation port         :	1
                        Mode number              :	1
                        Accuracy                 :	7.21935e-05
                        Iterations               :	5
                        Solver time              :	2 s


                      ------------------------------------------------------------------------------
2025-07-20 15:35:55     Total time               :	18 s

                      ------------------------------------------------------------------------------
2025-07-20 15:35:55   

                      ------------------------------------------------------------------------------
2025-07-20 15:35:55   Finished the general purpose interpolative broadband frequency sweep:
                      All broadband sweep convergence criteria have been satisfied after
                      calculating 11 frequency samples:

                        Broadband sweep error threshold value :  0.01 (All S-Parameters) 
                        Number of error criterion checks      :  2 (All S-Parameters) 
                        Minimum number of samples             :  3
                        Number of data samples, linear        :  1001

                      ------------------------------------------------------------------------------
2025-07-20 15:35:55     Number of mesh cells     :	244295
                        Degrees of freedom       :	1653267
                        Total Solver Time        :	662 s	 (= 0 h, 11 m, 02 s)
                      ================================================================================



                      ------------------------------------------------------------------------------
2025-07-20 15:35:55     ----------------------------------------------------------------------------
                                            Peak memory used (kB)         Free physical memory (kB) 
                                                                          At begin     Minimum      
                        ----------------------------------------------------------------------------
                        Solver start        22272                         18787592     18784756     
                        Eq. system setup    3372824                       18453068     16591360     
                        Eq. system solve    3396648                       18286400     15631896     
                        Mesh refinement     2512868                       18210204     16861892     
                        Solver run total    3396648                       18787596     15631896     

                        Computer name       lt-bloots
                        ----------------------------------------------------------------------------


                      ------------------------------------------------------------------------------
2025-07-20 15:35:55   Running postprocessing.

                      ------------------------------------------------------------------------------
2025-07-20 15:35:58   Postprocessing finished.

                      ------------------------------------------------------------------------------
2025-07-20 15:35:58   Creating parametric 1D results for Run ID 1

                      ------------------------------------------------------------------------------
